2017-11-30 16:42:03,346 - Loaded System Directive: org.apache.velocity.runtime.directive.Foreach
2017-11-30 16:42:03,369 - Created '20' parsers.
2017-11-30 16:42:03,372 - Velocimacro : "velocimacro.library" is not set.  Trying default library: VM_global_library.vm
2017-11-30 16:42:03,372 - Could not load resource 'VM_global_library.vm' from ResourceLoader org.apache.velocity.runtime.resource.loader.ClasspathResourceLoader: ClasspathResourceLoader Error: cannot find resource VM_global_library.vm
2017-11-30 16:42:03,373 - Velocimacro : Default library not found.
2017-11-30 16:42:03,373 - Velocimacro : allowInline = true : VMs can be defined inline in templates
2017-11-30 16:42:03,373 - Velocimacro : allowInlineToOverride = false : VMs defined inline may NOT replace previous VM definitions
2017-11-30 16:42:03,373 - Velocimacro : allowInlineLocal = false : VMs defined inline will be global in scope if allowed.
2017-11-30 16:42:03,373 - Velocimacro : autoload off : VM system will not automatically reload global library macros
2017-11-30 16:42:03,382 - ResourceManager : found /template/excel/excelBeanTemplate.vm with loader org.apache.velocity.runtime.resource.loader.ClasspathResourceLoader
2017-11-30 16:42:03,395 - ResourceManager : found /template/excel/excelBeanTemplate.vm with loader org.apache.velocity.runtime.resource.loader.ClasspathResourceLoader
2017-11-30 16:42:03,398 - ResourceManager : found /template/excel/excelBeanTemplate.vm with loader org.apache.velocity.runtime.resource.loader.ClasspathResourceLoader
2017-11-30 16:42:03,401 - ResourceManager : found /template/excel/excelBeanTemplate.vm with loader org.apache.velocity.runtime.resource.loader.ClasspathResourceLoader
2017-11-30 16:42:03,404 - ResourceManager : found /template/excel/excelBeanTemplate.vm with loader org.apache.velocity.runtime.resource.loader.ClasspathResourceLoader
2017-11-30 16:42:35,934 - Log4JLogChute initialized using file 'velocity.log'
2017-11-30 16:42:35,934 - Initializing Velocity, Calling init()...
2017-11-30 16:42:35,934 - Starting Apache Velocity v1.7 (compiled: 2010-11-19 12:14:37)
2017-11-30 16:42:35,934 - Default Properties File: org\apache\velocity\runtime\defaults\velocity.properties
2017-11-30 16:42:35,934 - Trying to use logger class org.apache.velocity.runtime.log.AvalonLogChute
2017-11-30 16:42:35,934 - Target log system for org.apache.velocity.runtime.log.AvalonLogChute is not available (java.lang.NoClassDefFoundError: org/apache/log/format/Formatter).  Falling back to next log system...
2017-11-30 16:42:35,934 - Trying to use logger class org.apache.velocity.runtime.log.Log4JLogChute
2017-11-30 16:42:35,934 - Using logger class org.apache.velocity.runtime.log.Log4JLogChute
2017-11-30 16:42:35,937 - ResourceLoader instantiated: org.apache.velocity.runtime.resource.loader.ClasspathResourceLoader
2017-11-30 16:42:35,943 - ResourceCache: initialized (class org.apache.velocity.runtime.resource.ResourceCacheImpl) with class java.util.Collections$SynchronizedMap cache map.
2017-11-30 16:42:35,944 - Loaded System Directive: org.apache.velocity.runtime.directive.Stop
2017-11-30 16:42:35,945 - Loaded System Directive: org.apache.velocity.runtime.directive.Define
2017-11-30 16:42:35,945 - Loaded System Directive: org.apache.velocity.runtime.directive.Break
2017-11-30 16:42:35,945 - Loaded System Directive: org.apache.velocity.runtime.directive.Evaluate
2017-11-30 16:42:35,946 - Loaded System Directive: org.apache.velocity.runtime.directive.Literal
2017-11-30 16:42:35,946 - Loaded System Directive: org.apache.velocity.runtime.directive.Macro
2017-11-30 16:42:35,947 - Loaded System Directive: org.apache.velocity.runtime.directive.Parse
2017-11-30 16:42:35,947 - Loaded System Directive: org.apache.velocity.runtime.directive.Include
2017-11-30 16:42:35,948 - Loaded System Directive: org.apache.velocity.runtime.directive.Foreach
2017-11-30 16:42:35,972 - Created '20' parsers.
2017-11-30 16:42:35,975 - Velocimacro : "velocimacro.library" is not set.  Trying default library: VM_global_library.vm
2017-11-30 16:42:35,976 - Could not load resource 'VM_global_library.vm' from ResourceLoader org.apache.velocity.runtime.resource.loader.ClasspathResourceLoader: ClasspathResourceLoader Error: cannot find resource VM_global_library.vm
2017-11-30 16:42:35,976 - Velocimacro : Default library not found.
2017-11-30 16:42:35,976 - Velocimacro : allowInline = true : VMs can be defined inline in templates
2017-11-30 16:42:35,976 - Velocimacro : allowInlineToOverride = false : VMs defined inline may NOT replace previous VM definitions
2017-11-30 16:42:35,976 - Velocimacro : allowInlineLocal = false : VMs defined inline will be global in scope if allowed.
2017-11-30 16:42:35,976 - Velocimacro : autoload off : VM system will not automatically reload global library macros
2017-11-30 16:42:35,986 - ResourceManager : found /template/excel/excelBeanTemplate.vm with loader org.apache.velocity.runtime.resource.loader.ClasspathResourceLoader
2017-11-30 16:42:35,998 - ResourceManager : found /template/excel/excelBeanTemplate.vm with loader org.apache.velocity.runtime.resource.loader.ClasspathResourceLoader
2017-11-30 16:42:36,000 - ResourceManager : found /template/excel/excelBeanTemplate.vm with loader org.apache.velocity.runtime.resource.loader.ClasspathResourceLoader
2017-11-30 16:42:36,003 - ResourceManager : found /template/excel/excelBeanTemplate.vm with loader org.apache.velocity.runtime.resource.loader.ClasspathResourceLoader
2017-11-30 16:42:36,006 - ResourceManager : found /template/excel/excelBeanTemplate.vm with loader org.apache.velocity.runtime.resource.loader.ClasspathResourceLoader
2017-11-30 16:59:12,506 - Log4JLogChute initialized using file 'velocity.log'
2017-11-30 16:59:12,506 - Initializing Velocity, Calling init()...
2017-11-30 16:59:12,507 - Starting Apache Velocity v1.7 (compiled: 2010-11-19 12:14:37)
2017-11-30 16:59:12,507 - Default Properties File: org\apache\velocity\runtime\defaults\velocity.properties
2017-11-30 16:59:12,507 - Trying to use logger class org.apache.velocity.runtime.log.AvalonLogChute
2017-11-30 16:59:12,507 - Target log system for org.apache.velocity.runtime.log.AvalonLogChute is not available (java.lang.NoClassDefFoundError: org/apache/log/format/Formatter).  Falling back to next log system...
2017-11-30 16:59:12,507 - Trying to use logger class org.apache.velocity.runtime.log.Log4JLogChute
2017-11-30 16:59:12,507 - Using logger class org.apache.velocity.runtime.log.Log4JLogChute
2017-11-30 16:59:12,510 - ResourceLoader instantiated: org.apache.velocity.runtime.resource.loader.ClasspathResourceLoader
2017-11-30 16:59:12,516 - ResourceCache: initialized (class org.apache.velocity.runtime.resource.ResourceCacheImpl) with class java.util.Collections$SynchronizedMap cache map.
2017-11-30 16:59:12,517 - Loaded System Directive: org.apache.velocity.runtime.directive.Stop
2017-11-30 16:59:12,517 - Loaded System Directive: org.apache.velocity.runtime.directive.Define
2017-11-30 16:59:12,518 - Loaded System Directive: org.apache.velocity.runtime.directive.Break
2017-11-30 16:59:12,518 - Loaded System Directive: org.apache.velocity.runtime.directive.Evaluate
2017-11-30 16:59:12,518 - Loaded System Directive: org.apache.velocity.runtime.directive.Literal
2017-11-30 16:59:12,519 - Loaded System Directive: org.apache.velocity.runtime.directive.Macro
2017-11-30 16:59:12,519 - Loaded System Directive: org.apache.velocity.runtime.directive.Parse
2017-11-30 16:59:12,520 - Loaded System Directive: org.apache.velocity.runtime.directive.Include
2017-11-30 16:59:12,521 - Loaded System Directive: org.apache.velocity.runtime.directive.Foreach
2017-11-30 16:59:12,547 - Created '20' parsers.
2017-11-30 16:59:12,550 - Velocimacro : "velocimacro.library" is not set.  Trying default library: VM_global_library.vm
2017-11-30 16:59:12,550 - Could not load resource 'VM_global_library.vm' from ResourceLoader org.apache.velocity.runtime.resource.loader.ClasspathResourceLoader: ClasspathResourceLoader Error: cannot find resource VM_global_library.vm
2017-11-30 16:59:12,550 - Velocimacro : Default library not found.
2017-11-30 16:59:12,551 - Velocimacro : allowInline = true : VMs can be defined inline in templates
2017-11-30 16:59:12,551 - Velocimacro : allowInlineToOverride = false : VMs defined inline may NOT replace previous VM definitions
2017-11-30 16:59:12,551 - Velocimacro : allowInlineLocal = false : VMs defined inline will be global in scope if allowed.
2017-11-30 16:59:12,551 - Velocimacro : autoload off : VM system will not automatically reload global library macros
2017-11-30 16:59:12,563 - ResourceManager : found /template/excel/excelBeanTemplate.vm with loader org.apache.velocity.runtime.resource.loader.ClasspathResourceLoader
2017-11-30 17:00:46,951 - Log4JLogChute initialized using file 'velocity.log'
2017-11-30 17:00:46,951 - Initializing Velocity, Calling init()...
2017-11-30 17:00:46,951 - Starting Apache Velocity v1.7 (compiled: 2010-11-19 12:14:37)
2017-11-30 17:00:46,951 - Default Properties File: org\apache\velocity\runtime\defaults\velocity.properties
2017-11-30 17:00:46,951 - Trying to use logger class org.apache.velocity.runtime.log.AvalonLogChute
2017-11-30 17:00:46,951 - Target log system for org.apache.velocity.runtime.log.AvalonLogChute is not available (java.lang.NoClassDefFoundError: org/apache/log/format/Formatter).  Falling back to next log system...
2017-11-30 17:00:46,951 - Trying to use logger class org.apache.velocity.runtime.log.Log4JLogChute
2017-11-30 17:00:46,951 - Using logger class org.apache.velocity.runtime.log.Log4JLogChute
2017-11-30 17:00:46,954 - ResourceLoader instantiated: org.apache.velocity.runtime.resource.loader.ClasspathResourceLoader
2017-11-30 17:00:46,961 - ResourceCache: initialized (class org.apache.velocity.runtime.resource.ResourceCacheImpl) with class java.util.Collections$SynchronizedMap cache map.
2017-11-30 17:00:46,962 - Loaded System Directive: org.apache.velocity.runtime.directive.Stop
2017-11-30 17:00:46,962 - Loaded System Directive: org.apache.velocity.runtime.directive.Define
2017-11-30 17:00:46,963 - Loaded System Directive: org.apache.velocity.runtime.directive.Break
2017-11-30 17:00:46,963 - Loaded System Directive: org.apache.velocity.runtime.directive.Evaluate
2017-11-30 17:00:46,964 - Loaded System Directive: org.apache.velocity.runtime.directive.Literal
2017-11-30 17:00:46,964 - Loaded System Directive: org.apache.velocity.runtime.directive.Macro
2017-11-30 17:00:46,965 - Loaded System Directive: org.apache.velocity.runtime.directive.Parse
2017-11-30 17:00:46,965 - Loaded System Directive: org.apache.velocity.runtime.directive.Include
2017-11-30 17:00:46,966 - Loaded System Directive: org.apache.velocity.runtime.directive.Foreach
2017-11-30 17:00:46,990 - Created '20' parsers.
2017-11-30 17:00:46,993 - Velocimacro : "velocimacro.library" is not set.  Trying default library: VM_global_library.vm
2017-11-30 17:00:46,993 - Could not load resource 'VM_global_library.vm' from ResourceLoader org.apache.velocity.runtime.resource.loader.ClasspathResourceLoader: ClasspathResourceLoader Error: cannot find resource VM_global_library.vm
2017-11-30 17:00:46,993 - Velocimacro : Default library not found.
2017-11-30 17:00:46,993 - Velocimacro : allowInline = true : VMs can be defined inline in templates
2017-11-30 17:00:46,993 - Velocimacro : allowInlineToOverride = false : VMs defined inline may NOT replace previous VM definitions
2017-11-30 17:00:46,993 - Velocimacro : allowInlineLocal = false : VMs defined inline will be global in scope if allowed.
2017-11-30 17:00:46,993 - Velocimacro : autoload off : VM system will not automatically reload global library macros
2017-11-30 17:00:47,004 - ResourceManager : found /template/excel/excelBeanTemplate.vm with loader org.apache.velocity.runtime.resource.loader.ClasspathResourceLoader
2017-11-30 17:01:04,638 - Log4JLogChute initialized using file 'velocity.log'
2017-11-30 17:01:04,639 - Initializing Velocity, Calling init()...
2017-11-30 17:01:04,639 - Starting Apache Velocity v1.7 (compiled: 2010-11-19 12:14:37)
2017-11-30 17:01:04,639 - Default Properties File: org\apache\velocity\runtime\defaults\velocity.properties
2017-11-30 17:01:04,639 - Trying to use logger class org.apache.velocity.runtime.log.AvalonLogChute
2017-11-30 17:01:04,639 - Target log system for org.apache.velocity.runtime.log.AvalonLogChute is not available (java.lang.NoClassDefFoundError: org/apache/log/format/Formatter).  Falling back to next log system...
2017-11-30 17:01:04,639 - Trying to use logger class org.apache.velocity.runtime.log.Log4JLogChute
2017-11-30 17:01:04,639 - Using logger class org.apache.velocity.runtime.log.Log4JLogChute
2017-11-30 17:01:04,641 - ResourceLoader instantiated: org.apache.velocity.runtime.resource.loader.ClasspathResourceLoader
2017-11-30 17:01:04,647 - ResourceCache: initialized (class org.apache.velocity.runtime.resource.ResourceCacheImpl) with class java.util.Collections$SynchronizedMap cache map.
2017-11-30 17:01:04,648 - Loaded System Directive: org.apache.velocity.runtime.directive.Stop
2017-11-30 17:01:04,648 - Loaded System Directive: org.apache.velocity.runtime.directive.Define
2017-11-30 17:01:04,649 - Loaded System Directive: org.apache.velocity.runtime.directive.Break
2017-11-30 17:01:04,649 - Loaded System Directive: org.apache.velocity.runtime.directive.Evaluate
2017-11-30 17:01:04,650 - Loaded System Directive: org.apache.velocity.runtime.directive.Literal
2017-11-30 17:01:04,650 - Loaded System Directive: org.apache.velocity.runtime.directive.Macro
2017-11-30 17:01:04,651 - Loaded System Directive: org.apache.velocity.runtime.directive.Parse
2017-11-30 17:01:04,651 - Loaded System Directive: org.apache.velocity.runtime.directive.Include
2017-11-30 17:01:04,652 - Loaded System Directive: org.apache.velocity.runtime.directive.Foreach
2017-11-30 17:01:04,675 - Created '20' parsers.
2017-11-30 17:01:04,677 - Velocimacro : "velocimacro.library" is not set.  Trying default library: VM_global_library.vm
2017-11-30 17:01:04,677 - Could not load resource 'VM_global_library.vm' from ResourceLoader org.apache.velocity.runtime.resource.loader.ClasspathResourceLoader: ClasspathResourceLoader Error: cannot find resource VM_global_library.vm
2017-11-30 17:01:04,678 - Velocimacro : Default library not found.
2017-11-30 17:01:04,678 - Velocimacro : allowInline = true : VMs can be defined inline in templates
2017-11-30 17:01:04,678 - Velocimacro : allowInlineToOverride = false : VMs defined inline may NOT replace previous VM definitions
2017-11-30 17:01:04,678 - Velocimacro : allowInlineLocal = false : VMs defined inline will be global in scope if allowed.
2017-11-30 17:01:04,678 - Velocimacro : autoload off : VM system will not automatically reload global library macros
2017-11-30 17:01:04,687 - ResourceManager : found /template/excel/excelBeanTemplate.vm with loader org.apache.velocity.runtime.resource.loader.ClasspathResourceLoader
2017-11-30 17:01:04,699 - ResourceManager : found /template/excel/excelBeanTemplate.vm with loader org.apache.velocity.runtime.resource.loader.ClasspathResourceLoader
2017-11-30 17:01:04,705 - ResourceManager : found /template/excel/excelBeanTemplate.vm with loader org.apache.velocity.runtime.resource.loader.ClasspathResourceLoader
2017-11-30 17:21:33,535 - Log4JLogChute initialized using file 'velocity.log'
2017-11-30 17:21:33,536 - Initializing Velocity, Calling init()...
2017-11-30 17:21:33,536 - Starting Apache Velocity v1.7 (compiled: 2010-11-19 12:14:37)
2017-11-30 17:21:33,536 - Default Properties File: org\apache\velocity\runtime\defaults\velocity.properties
2017-11-30 17:21:33,536 - Trying to use logger class org.apache.velocity.runtime.log.AvalonLogChute
2017-11-30 17:21:33,536 - Target log system for org.apache.velocity.runtime.log.AvalonLogChute is not available (java.lang.NoClassDefFoundError: org/apache/log/format/Formatter).  Falling back to next log system...
2017-11-30 17:21:33,536 - Trying to use logger class org.apache.velocity.runtime.log.Log4JLogChute
2017-11-30 17:21:33,536 - Using logger class org.apache.velocity.runtime.log.Log4JLogChute
2017-11-30 17:21:33,538 - ResourceLoader instantiated: org.apache.velocity.runtime.resource.loader.ClasspathResourceLoader
2017-11-30 17:21:33,545 - ResourceCache: initialized (class org.apache.velocity.runtime.resource.ResourceCacheImpl) with class java.util.Collections$SynchronizedMap cache map.
2017-11-30 17:21:33,546 - Loaded System Directive: org.apache.velocity.runtime.directive.Stop
2017-11-30 17:21:33,546 - Loaded System Directive: org.apache.velocity.runtime.directive.Define
2017-11-30 17:21:33,547 - Loaded System Directive: org.apache.velocity.runtime.directive.Break
2017-11-30 17:21:33,547 - Loaded System Directive: org.apache.velocity.runtime.directive.Evaluate
2017-11-30 17:21:33,547 - Loaded System Directive: org.apache.velocity.runtime.directive.Literal
2017-11-30 17:21:33,548 - Loaded System Directive: org.apache.velocity.runtime.directive.Macro
2017-11-30 17:21:33,549 - Loaded System Directive: org.apache.velocity.runtime.directive.Parse
2017-11-30 17:21:33,549 - Loaded System Directive: org.apache.velocity.runtime.directive.Include
2017-11-30 17:21:33,550 - Loaded System Directive: org.apache.velocity.runtime.directive.Foreach
2017-11-30 17:21:33,575 - Created '20' parsers.
2017-11-30 17:21:33,577 - Velocimacro : "velocimacro.library" is not set.  Trying default library: VM_global_library.vm
2017-11-30 17:21:33,578 - Could not load resource 'VM_global_library.vm' from ResourceLoader org.apache.velocity.runtime.resource.loader.ClasspathResourceLoader: ClasspathResourceLoader Error: cannot find resource VM_global_library.vm
2017-11-30 17:21:33,578 - Velocimacro : Default library not found.
2017-11-30 17:21:33,578 - Velocimacro : allowInline = true : VMs can be defined inline in templates
2017-11-30 17:21:33,578 - Velocimacro : allowInlineToOverride = false : VMs defined inline may NOT replace previous VM definitions
2017-11-30 17:21:33,578 - Velocimacro : allowInlineLocal = false : VMs defined inline will be global in scope if allowed.
2017-11-30 17:21:33,578 - Velocimacro : autoload off : VM system will not automatically reload global library macros
2017-11-30 17:21:33,588 - ResourceManager : found /template/excel/excelBeanTemplate.vm with loader org.apache.velocity.runtime.resource.loader.ClasspathResourceLoader
2017-11-30 17:21:33,599 - ResourceManager : found /template/excel/excelBeanTemplate.vm with loader org.apache.velocity.runtime.resource.loader.ClasspathResourceLoader
2017-11-30 17:21:33,604 - ResourceManager : found /template/excel/excelBeanTemplate.vm with loader org.apache.velocity.runtime.resource.loader.ClasspathResourceLoader
2017-11-30 17:21:33,607 - ResourceManager : found /template/excel/excelBeanTemplate.vm with loader org.apache.velocity.runtime.resource.loader.ClasspathResourceLoader
2017-11-30 17:21:33,609 - ResourceManager : found /template/excel/excelBeanTemplate.vm with loader org.apache.velocity.runtime.resource.loader.ClasspathResourceLoader
2017-11-30 17:21:33,612 - ResourceManager : found /template/excel/excelBeanTemplate.vm with loader org.apache.velocity.runtime.resource.loader.ClasspathResourceLoader
2017-11-30 17:21:33,614 - ResourceManager : found /template/excel/excelBeanTemplate.vm with loader org.apache.velocity.runtime.resource.loader.ClasspathResourceLoader
2017-11-30 17:21:33,617 - ResourceManager : found /template/excel/excelBeanTemplate.vm with loader org.apache.velocity.runtime.resource.loader.ClasspathResourceLoader
2017-11-30 17:21:33,619 - ResourceManager : found /template/excel/excelBeanTemplate.vm with loader org.apache.velocity.runtime.resource.loader.ClasspathResourceLoader
2017-11-30 17:25:51,336 - Log4JLogChute initialized using file 'velocity.log'
2017-11-30 17:25:51,336 - Initializing Velocity, Calling init()...
2017-11-30 17:25:51,336 - Starting Apache Velocity v1.7 (compiled: 2010-11-19 12:14:37)
2017-11-30 17:25:51,336 - Default Properties File: org\apache\velocity\runtime\defaults\velocity.properties
2017-11-30 17:25:51,336 - Trying to use logger class org.apache.velocity.runtime.log.AvalonLogChute
2017-11-30 17:25:51,336 - Target log system for org.apache.velocity.runtime.log.AvalonLogChute is not available (java.lang.NoClassDefFoundError: org/apache/log/format/Formatter).  Falling back to next log system...
2017-11-30 17:25:51,336 - Trying to use logger class org.apache.velocity.runtime.log.Log4JLogChute
2017-11-30 17:25:51,336 - Using logger class org.apache.velocity.runtime.log.Log4JLogChute
2017-11-30 17:25:51,338 - ResourceLoader instantiated: org.apache.velocity.runtime.resource.loader.ClasspathResourceLoader
2017-11-30 17:25:51,345 - ResourceCache: initialized (class org.apache.velocity.runtime.resource.ResourceCacheImpl) with class java.util.Collections$SynchronizedMap cache map.
2017-11-30 17:25:51,345 - Loaded System Directive: org.apache.velocity.runtime.directive.Stop
2017-11-30 17:25:51,346 - Loaded System Directive: org.apache.velocity.runtime.directive.Define
2017-11-30 17:25:51,346 - Loaded System Directive: org.apache.velocity.runtime.directive.Break
2017-11-30 17:25:51,347 - Loaded System Directive: org.apache.velocity.runtime.directive.Evaluate
2017-11-30 17:25:51,347 - Loaded System Directive: org.apache.velocity.runtime.directive.Literal
2017-11-30 17:25:51,348 - Loaded System Directive: org.apache.velocity.runtime.directive.Macro
2017-11-30 17:25:51,349 - Loaded System Directive: org.apache.velocity.runtime.directive.Parse
2017-11-30 17:25:51,349 - Loaded System Directive: org.apache.velocity.runtime.directive.Include
2017-11-30 17:25:51,350 - Loaded System Directive: org.apache.velocity.runtime.directive.Foreach
2017-11-30 17:25:51,372 - Created '20' parsers.
2017-11-30 17:25:51,374 - Velocimacro : "velocimacro.library" is not set.  Trying default library: VM_global_library.vm
2017-11-30 17:25:51,375 - Could not load resource 'VM_global_library.vm' from ResourceLoader org.apache.velocity.runtime.resource.loader.ClasspathResourceLoader: ClasspathResourceLoader Error: cannot find resource VM_global_library.vm
2017-11-30 17:25:51,375 - Velocimacro : Default library not found.
2017-11-30 17:25:51,375 - Velocimacro : allowInline = true : VMs can be defined inline in templates
2017-11-30 17:25:51,375 - Velocimacro : allowInlineToOverride = false : VMs defined inline may NOT replace previous VM definitions
2017-11-30 17:25:51,375 - Velocimacro : allowInlineLocal = false : VMs defined inline will be global in scope if allowed.
2017-11-30 17:25:51,375 - Velocimacro : autoload off : VM system will not automatically reload global library macros
2017-11-30 17:25:51,385 - ResourceManager : found /template/excel/excelBeanTemplate.vm with loader org.apache.velocity.runtime.resource.loader.ClasspathResourceLoader
2017-11-30 17:25:51,395 - ResourceManager : found /template/excel/excelBeanTemplate.vm with loader org.apache.velocity.runtime.resource.loader.ClasspathResourceLoader
2017-11-30 17:25:51,401 - ResourceManager : found /template/excel/excelBeanTemplate.vm with loader org.apache.velocity.runtime.resource.loader.ClasspathResourceLoader
2017-11-30 17:25:51,404 - ResourceManager : found /template/excel/excelBeanTemplate.vm with loader org.apache.velocity.runtime.resource.loader.ClasspathResourceLoader
2017-11-30 17:27:32,530 - Log4JLogChute initialized using file 'velocity.log'
2017-11-30 17:27:32,531 - Initializing Velocity, Calling init()...
2017-11-30 17:27:32,531 - Starting Apache Velocity v1.7 (compiled: 2010-11-19 12:14:37)
2017-11-30 17:27:32,531 - Default Properties File: org\apache\velocity\runtime\defaults\velocity.properties
2017-11-30 17:27:32,531 - Trying to use logger class org.apache.velocity.runtime.log.AvalonLogChute
2017-11-30 17:27:32,531 - Target log system for org.apache.velocity.runtime.log.AvalonLogChute is not available (java.lang.NoClassDefFoundError: org/apache/log/format/Formatter).  Falling back to next log system...
2017-11-30 17:27:32,531 - Trying to use logger class org.apache.velocity.runtime.log.Log4JLogChute
2017-11-30 17:27:32,531 - Using logger class org.apache.velocity.runtime.log.Log4JLogChute
2017-11-30 17:27:32,533 - ResourceLoader instantiated: org.apache.velocity.runtime.resource.loader.ClasspathResourceLoader
2017-11-30 17:27:32,539 - ResourceCache: initialized (class org.apache.velocity.runtime.resource.ResourceCacheImpl) with class java.util.Collections$SynchronizedMap cache map.
2017-11-30 17:27:32,540 - Loaded System Directive: org.apache.velocity.runtime.directive.Stop
2017-11-30 17:27:32,541 - Loaded System Directive: org.apache.velocity.runtime.directive.Define
2017-11-30 17:27:32,541 - Loaded System Directive: org.apache.velocity.runtime.directive.Break
2017-11-30 17:27:32,541 - Loaded System Directive: org.apache.velocity.runtime.directive.Evaluate
2017-11-30 17:27:32,542 - Loaded System Directive: org.apache.velocity.runtime.directive.Literal
2017-11-30 17:27:32,542 - Loaded System Directive: org.apache.velocity.runtime.directive.Macro
2017-11-30 17:27:32,543 - Loaded System Directive: org.apache.velocity.runtime.directive.Parse
2017-11-30 17:27:32,544 - Loaded System Directive: org.apache.velocity.runtime.directive.Include
2017-11-30 17:27:32,544 - Loaded System Directive: org.apache.velocity.runtime.directive.Foreach
2017-11-30 17:27:32,566 - Created '20' parsers.
2017-11-30 17:27:32,569 - Velocimacro : "velocimacro.library" is not set.  Trying default library: VM_global_library.vm
2017-11-30 17:27:32,570 - Could not load resource 'VM_global_library.vm' from ResourceLoader org.apache.velocity.runtime.resource.loader.ClasspathResourceLoader: ClasspathResourceLoader Error: cannot find resource VM_global_library.vm
2017-11-30 17:27:32,570 - Velocimacro : Default library not found.
2017-11-30 17:27:32,570 - Velocimacro : allowInline = true : VMs can be defined inline in templates
2017-11-30 17:27:32,570 - Velocimacro : allowInlineToOverride = false : VMs defined inline may NOT replace previous VM definitions
2017-11-30 17:27:32,570 - Velocimacro : allowInlineLocal = false : VMs defined inline will be global in scope if allowed.
2017-11-30 17:27:32,570 - Velocimacro : autoload off : VM system will not automatically reload global library macros
2017-11-30 17:27:32,581 - ResourceManager : found /template/excel/excelBeanTemplate.vm with loader org.apache.velocity.runtime.resource.loader.ClasspathResourceLoader
2017-11-30 17:27:32,592 - ResourceManager : found /template/excel/excelBeanTemplate.vm with loader org.apache.velocity.runtime.resource.loader.ClasspathResourceLoader
2017-11-30 17:27:32,599 - ResourceManager : found /template/excel/excelBeanTemplate.vm with loader org.apache.velocity.runtime.resource.loader.ClasspathResourceLoader
2017-11-30 17:27:32,603 - ResourceManager : found /template/excel/excelBeanTemplate.vm with loader org.apache.velocity.runtime.resource.loader.ClasspathResourceLoader
2017-11-30 17:29:17,699 - Log4JLogChute initialized using file 'velocity.log'
2017-11-30 17:29:17,700 - Initializing Velocity, Calling init()...
2017-11-30 17:29:17,700 - Starting Apache Velocity v1.7 (compiled: 2010-11-19 12:14:37)
2017-11-30 17:29:17,700 - Default Properties File: org\apache\velocity\runtime\defaults\velocity.properties
2017-11-30 17:29:17,700 - Trying to use logger class org.apache.velocity.runtime.log.AvalonLogChute
2017-11-30 17:29:17,700 - Target log system for org.apache.velocity.runtime.log.AvalonLogChute is not available (java.lang.NoClassDefFoundError: org/apache/log/format/Formatter).  Falling back to next log system...
2017-11-30 17:29:17,700 - Trying to use logger class org.apache.velocity.runtime.log.Log4JLogChute
2017-11-30 17:29:17,700 - Using logger class org.apache.velocity.runtime.log.Log4JLogChute
2017-11-30 17:29:17,702 - ResourceLoader instantiated: org.apache.velocity.runtime.resource.loader.ClasspathResourceLoader
2017-11-30 17:29:17,709 - ResourceCache: initialized (class org.apache.velocity.runtime.resource.ResourceCacheImpl) with class java.util.Collections$SynchronizedMap cache map.
2017-11-30 17:29:17,716 - Loaded System Directive: org.apache.velocity.runtime.directive.Stop
2017-11-30 17:29:17,716 - Loaded System Directive: org.apache.velocity.runtime.directive.Define
2017-11-30 17:29:17,717 - Loaded System Directive: org.apache.velocity.runtime.directive.Break
2017-11-30 17:29:17,717 - Loaded System Directive: org.apache.velocity.runtime.directive.Evaluate
2017-11-30 17:29:17,717 - Loaded System Directive: org.apache.velocity.runtime.directive.Literal
2017-11-30 17:29:17,718 - Loaded System Directive: org.apache.velocity.runtime.directive.Macro
2017-11-30 17:29:17,718 - Loaded System Directive: org.apache.velocity.runtime.directive.Parse
2017-11-30 17:29:17,719 - Loaded System Directive: org.apache.velocity.runtime.directive.Include
2017-11-30 17:29:17,719 - Loaded System Directive: org.apache.velocity.runtime.directive.Foreach
2017-11-30 17:29:17,736 - Created '20' parsers.
2017-11-30 17:29:17,740 - Velocimacro : "velocimacro.library" is not set.  Trying default library: VM_global_library.vm
2017-11-30 17:29:17,740 - Could not load resource 'VM_global_library.vm' from ResourceLoader org.apache.velocity.runtime.resource.loader.ClasspathResourceLoader: ClasspathResourceLoader Error: cannot find resource VM_global_library.vm
2017-11-30 17:29:17,740 - Velocimacro : Default library not found.
2017-11-30 17:29:17,740 - Velocimacro : allowInline = true : VMs can be defined inline in templates
2017-11-30 17:29:17,740 - Velocimacro : allowInlineToOverride = false : VMs defined inline may NOT replace previous VM definitions
2017-11-30 17:29:17,740 - Velocimacro : allowInlineLocal = false : VMs defined inline will be global in scope if allowed.
2017-11-30 17:29:17,740 - Velocimacro : autoload off : VM system will not automatically reload global library macros
2017-11-30 17:29:17,750 - ResourceManager : found /template/excel/excelBeanTemplate.vm with loader org.apache.velocity.runtime.resource.loader.ClasspathResourceLoader
2017-11-30 17:29:17,763 - ResourceManager : found /template/excel/excelBeanTemplate.vm with loader org.apache.velocity.runtime.resource.loader.ClasspathResourceLoader
2017-11-30 17:31:52,214 - Log4JLogChute initialized using file 'velocity.log'
2017-11-30 17:31:52,215 - Initializing Velocity, Calling init()...
2017-11-30 17:31:52,215 - Starting Apache Velocity v1.7 (compiled: 2010-11-19 12:14:37)
2017-11-30 17:31:52,215 - Default Properties File: org\apache\velocity\runtime\defaults\velocity.properties
2017-11-30 17:31:52,215 - Trying to use logger class org.apache.velocity.runtime.log.AvalonLogChute
2017-11-30 17:31:52,215 - Target log system for org.apache.velocity.runtime.log.AvalonLogChute is not available (java.lang.NoClassDefFoundError: org/apache/log/format/Formatter).  Falling back to next log system...
2017-11-30 17:31:52,215 - Trying to use logger class org.apache.velocity.runtime.log.Log4JLogChute
2017-11-30 17:31:52,215 - Using logger class org.apache.velocity.runtime.log.Log4JLogChute
2017-11-30 17:31:52,217 - ResourceLoader instantiated: org.apache.velocity.runtime.resource.loader.ClasspathResourceLoader
2017-11-30 17:31:52,231 - ResourceCache: initialized (class org.apache.velocity.runtime.resource.ResourceCacheImpl) with class java.util.Collections$SynchronizedMap cache map.
2017-11-30 17:31:52,231 - Loaded System Directive: org.apache.velocity.runtime.directive.Stop
2017-11-30 17:31:52,232 - Loaded System Directive: org.apache.velocity.runtime.directive.Define
2017-11-30 17:31:52,232 - Loaded System Directive: org.apache.velocity.runtime.directive.Break
2017-11-30 17:31:52,233 - Loaded System Directive: org.apache.velocity.runtime.directive.Evaluate
2017-11-30 17:31:52,233 - Loaded System Directive: org.apache.velocity.runtime.directive.Literal
2017-11-30 17:31:52,234 - Loaded System Directive: org.apache.velocity.runtime.directive.Macro
2017-11-30 17:31:52,234 - Loaded System Directive: org.apache.velocity.runtime.directive.Parse
2017-11-30 17:31:52,235 - Loaded System Directive: org.apache.velocity.runtime.directive.Include
2017-11-30 17:31:52,235 - Loaded System Directive: org.apache.velocity.runtime.directive.Foreach
2017-11-30 17:31:52,254 - Created '20' parsers.
2017-11-30 17:31:52,256 - Velocimacro : "velocimacro.library" is not set.  Trying default library: VM_global_library.vm
2017-11-30 17:31:52,256 - Could not load resource 'VM_global_library.vm' from ResourceLoader org.apache.velocity.runtime.resource.loader.ClasspathResourceLoader: ClasspathResourceLoader Error: cannot find resource VM_global_library.vm
2017-11-30 17:31:52,256 - Velocimacro : Default library not found.
2017-11-30 17:31:52,257 - Velocimacro : allowInline = true : VMs can be defined inline in templates
2017-11-30 17:31:52,257 - Velocimacro : allowInlineToOverride = false : VMs defined inline may NOT replace previous VM definitions
2017-11-30 17:31:52,257 - Velocimacro : allowInlineLocal = false : VMs defined inline will be global in scope if allowed.
2017-11-30 17:31:52,257 - Velocimacro : autoload off : VM system will not automatically reload global library macros
2017-11-30 17:31:52,266 - ResourceManager : found /template/excel/excelBeanTemplate.vm with loader org.apache.velocity.runtime.resource.loader.ClasspathResourceLoader
2017-11-30 17:31:52,280 - ResourceManager : found /template/excel/excelBeanTemplate.vm with loader org.apache.velocity.runtime.resource.loader.ClasspathResourceLoader
2017-11-30 17:31:52,286 - ResourceManager : found /template/excel/excelBeanTemplate.vm with loader org.apache.velocity.runtime.resource.loader.ClasspathResourceLoader
